2023-03-07T09:09:25.006+09:00  INFO 5252 --- [restartedMain] kr.co.beauty.BeautyApplication           : Starting BeautyApplication using Java 17.0.5 with PID 5252 (C:\Users\java1\Desktop\Beauty\beauty\bin\main started by java1 in C:\Users\java1\Desktop\Beauty\beauty)
2023-03-07T09:09:25.010+09:00 DEBUG 5252 --- [restartedMain] kr.co.beauty.BeautyApplication           : Running with Spring Boot v3.0.3, Spring v6.0.5
2023-03-07T09:09:25.010+09:00  INFO 5252 --- [restartedMain] kr.co.beauty.BeautyApplication           : No active profile set, falling back to 1 default profile: "default"
2023-03-07T09:09:25.011+09:00 DEBUG 5252 --- [restartedMain] o.s.boot.SpringApplication               : Loading source class kr.co.beauty.BeautyApplication
2023-03-07T09:09:25.172+09:00 DEBUG 5252 --- [restartedMain] o.s.b.devtools.restart.ChangeableUrls    : Matching URLs for reloading : [file:/C:/Users/java1/Desktop/Beauty/beauty/bin/main/]
2023-03-07T09:09:25.173+09:00 DEBUG 5252 --- [restartedMain] o.s.b.d.settings.DevToolsSettings        : Included patterns for restart : []
2023-03-07T09:09:25.173+09:00 DEBUG 5252 --- [restartedMain] o.s.b.d.settings.DevToolsSettings        : Excluded patterns for restart : [/spring-boot-starter-[\w-]+/, /spring-boot/(bin|build|out)/, /spring-boot-starter/(bin|build|out)/, /spring-boot-devtools/(bin|build|out)/, /spring-boot-actuator/(bin|build|out)/, /spring-boot-autoconfigure/(bin|build|out)/]
2023-03-07T09:09:25.173+09:00  INFO 5252 --- [restartedMain] .e.DevToolsPropertyDefaultsPostProcessor : Devtools property defaults active! Set 'spring.devtools.add-properties' to 'false' to disable
2023-03-07T09:09:25.173+09:00  INFO 5252 --- [restartedMain] .e.DevToolsPropertyDefaultsPostProcessor : For additional web related logging consider setting the 'logging.level.web' property to 'DEBUG'
2023-03-07T09:09:25.173+09:00 DEBUG 5252 --- [restartedMain] ConfigServletWebServerApplicationContext : Refreshing org.springframework.boot.web.servlet.context.AnnotationConfigServletWebServerApplicationContext@5b2f683c
2023-03-07T09:09:25.186+09:00 DEBUG 5252 --- [restartedMain] o.s.b.f.s.DefaultListableBeanFactory     : Creating shared instance of singleton bean 'org.springframework.context.annotation.internalConfigurationAnnotationProcessor'
2023-03-07T09:09:25.195+09:00 DEBUG 5252 --- [restartedMain] o.s.b.f.s.DefaultListableBeanFactory     : Creating shared instance of singleton bean 'org.springframework.boot.autoconfigure.internalCachingMetadataReaderFactory'
2023-03-07T09:09:25.224+09:00 DEBUG 5252 --- [restartedMain] o.s.c.a.ClassPathBeanDefinitionScanner   : Identified candidate component class: file [C:\Users\java1\Desktop\Beauty\beauty\bin\main\kr\co\beauty\config\WebConfig.class]
2023-03-07T09:09:25.230+09:00 DEBUG 5252 --- [restartedMain] o.s.c.a.ClassPathBeanDefinitionScanner   : Identified candidate component class: file [C:\Users\java1\Desktop\Beauty\beauty\bin\main\kr\co\beauty\controller\AdminController.class]
2023-03-07T09:09:25.230+09:00 DEBUG 5252 --- [restartedMain] o.s.c.a.ClassPathBeanDefinitionScanner   : Identified candidate component class: file [C:\Users\java1\Desktop\Beauty\beauty\bin\main\kr\co\beauty\controller\CsController.class]
2023-03-07T09:09:25.230+09:00 DEBUG 5252 --- [restartedMain] o.s.c.a.ClassPathBeanDefinitionScanner   : Identified candidate component class: file [C:\Users\java1\Desktop\Beauty\beauty\bin\main\kr\co\beauty\controller\MainController.class]
2023-03-07T09:09:25.230+09:00 DEBUG 5252 --- [restartedMain] o.s.c.a.ClassPathBeanDefinitionScanner   : Identified candidate component class: file [C:\Users\java1\Desktop\Beauty\beauty\bin\main\kr\co\beauty\controller\Order2Controller.class]
2023-03-07T09:09:25.233+09:00 DEBUG 5252 --- [restartedMain] o.s.c.a.ClassPathBeanDefinitionScanner   : Ignored because not a concrete top-level class: file [C:\Users\java1\Desktop\Beauty\beauty\bin\main\kr\co\beauty\dao\Order2DAO.class]
2023-03-07T09:09:25.233+09:00 DEBUG 5252 --- [restartedMain] o.s.c.a.ClassPathBeanDefinitionScanner   : Ignored because not a concrete top-level class: file [C:\Users\java1\Desktop\Beauty\beauty\bin\main\kr\co\beauty\dao\ProductDAO.class]
2023-03-07T09:09:25.234+09:00 DEBUG 5252 --- [restartedMain] o.s.c.a.ClassPathBeanDefinitionScanner   : Identified candidate component class: file [C:\Users\java1\Desktop\Beauty\beauty\bin\main\kr\co\beauty\service\Order2Service.class]
2023-03-07T09:09:25.360+09:00 DEBUG 5252 --- [RMI TCP Connection(2)-127.0.0.1] sun.rmi.transport.tcp                    : RMI TCP Connection(2)-127.0.0.1: (port 59580) op = 82
2023-03-07T09:09:25.361+09:00 DEBUG 5252 --- [RMI TCP Connection(2)-127.0.0.1] sun.rmi.transport.tcp                    : RMI TCP Connection(2)-127.0.0.1: (port 59580) op = 80
2023-03-07T09:09:25.361+09:00 DEBUG 5252 --- [RMI TCP Connection(2)-127.0.0.1] sun.rmi.loader                           : RMI TCP Connection(2)-127.0.0.1: name = "javax.management.ObjectName", codebase = ""
2023-03-07T09:09:25.361+09:00 DEBUG 5252 --- [RMI TCP Connection(2)-127.0.0.1] javax.management.remote.rmi              : connectionId=rmi://127.0.0.1  1, name=org.springframework.boot:type=Admin,name=SpringApplication, attribute=Ready
2023-03-07T09:09:25.362+09:00 DEBUG 5252 --- [RMI TCP Connection(2)-127.0.0.1] sun.rmi.server.call                      : RMI TCP Connection(2)-127.0.0.1: [127.0.0.1] exception: 

javax.management.InstanceNotFoundException: org.springframework.boot:type=Admin,name=SpringApplication
	at java.management/com.sun.jmx.interceptor.DefaultMBeanServerInterceptor.getMBean(DefaultMBeanServerInterceptor.java:1088) ~[na:na]
	at java.management/com.sun.jmx.interceptor.DefaultMBeanServerInterceptor.getAttribute(DefaultMBeanServerInterceptor.java:640) ~[na:na]
	at java.management/com.sun.jmx.mbeanserver.JmxMBeanServer.getAttribute(JmxMBeanServer.java:679) ~[na:na]
	at java.management.rmi/javax.management.remote.rmi.RMIConnectionImpl.doOperation(RMIConnectionImpl.java:1449) ~[na:na]
	at java.management.rmi/javax.management.remote.rmi.RMIConnectionImpl$PrivilegedOperation.run(RMIConnectionImpl.java:1310) ~[na:na]
	at java.management.rmi/javax.management.remote.rmi.RMIConnectionImpl.doPrivilegedOperation(RMIConnectionImpl.java:1405) ~[na:na]
	at java.management.rmi/javax.management.remote.rmi.RMIConnectionImpl.getAttribute(RMIConnectionImpl.java:639) ~[na:na]
	at java.base/jdk.internal.reflect.NativeMethodAccessorImpl.invoke0(Native Method) ~[na:na]
	at java.base/jdk.internal.reflect.NativeMethodAccessorImpl.invoke(NativeMethodAccessorImpl.java:77) ~[na:na]
	at java.base/jdk.internal.reflect.DelegatingMethodAccessorImpl.invoke(DelegatingMethodAccessorImpl.java:43) ~[na:na]
	at java.base/java.lang.reflect.Method.invoke(Method.java:568) ~[na:na]
	at java.rmi/sun.rmi.server.UnicastServerRef.dispatch(UnicastServerRef.java:360) ~[na:na]
	at java.rmi/sun.rmi.transport.Transport$1.run(Transport.java:200) ~[na:na]
	at java.rmi/sun.rmi.transport.Transport$1.run(Transport.java:197) ~[na:na]
	at java.base/java.security.AccessController.doPrivileged(AccessController.java:712) ~[na:na]
	at java.rmi/sun.rmi.transport.Transport.serviceCall(Transport.java:196) ~[na:na]
	at java.rmi/sun.rmi.transport.tcp.TCPTransport.handleMessages(TCPTransport.java:587) ~[na:na]
	at java.rmi/sun.rmi.transport.tcp.TCPTransport$ConnectionHandler.run0(TCPTransport.java:828) ~[na:na]
	at java.rmi/sun.rmi.transport.tcp.TCPTransport$ConnectionHandler.lambda$run$0(TCPTransport.java:705) ~[na:na]
	at java.base/java.security.AccessController.doPrivileged(AccessController.java:399) ~[na:na]
	at java.rmi/sun.rmi.transport.tcp.TCPTransport$ConnectionHandler.run(TCPTransport.java:704) ~[na:na]
	at java.base/java.util.concurrent.ThreadPoolExecutor.runWorker(ThreadPoolExecutor.java:1136) ~[na:na]
	at java.base/java.util.concurrent.ThreadPoolExecutor$Worker.run(ThreadPoolExecutor.java:635) ~[na:na]
	at java.base/java.lang.Thread.run(Thread.java:833) ~[na:na]

2023-03-07T09:09:25.532+09:00 DEBUG 5252 --- [restartedMain] o.s.b.f.s.DefaultListableBeanFactory     : Creating shared instance of singleton bean 'org.springframework.boot.autoconfigure.AutoConfigurationPackages'
2023-03-07T09:09:25.536+09:00 DEBUG 5252 --- [restartedMain] o.s.b.a.AutoConfigurationPackages        : @EnableAutoConfiguration was declared on a class in the package 'kr.co.beauty'. Automatic @Repository and @Entity scanning is enabled.
2023-03-07T09:09:25.537+09:00 DEBUG 5252 --- [restartedMain] o.m.s.b.a.MybatisAutoConfiguration       : Searching for mappers annotated with @Mapper
2023-03-07T09:09:25.537+09:00 DEBUG 5252 --- [restartedMain] o.m.s.b.a.MybatisAutoConfiguration       : Using auto-configuration base package 'kr.co.beauty'
2023-03-07T09:09:25.577+09:00  INFO 5252 --- [restartedMain] .s.d.r.c.RepositoryConfigurationDelegate : Bootstrapping Spring Data JPA repositories in DEFAULT mode.
2023-03-07T09:09:25.582+09:00 DEBUG 5252 --- [restartedMain] .s.d.r.c.RepositoryConfigurationDelegate : Scanning for JPA repositories in packages kr.co.beauty.
2023-03-07T09:09:25.587+09:00  INFO 5252 --- [restartedMain] .s.d.r.c.RepositoryConfigurationDelegate : Finished Spring Data repository scanning in 4 ms. Found 0 JPA repository interfaces.
2023-03-07T09:09:25.655+09:00 DEBUG 5252 --- [restartedMain] o.s.b.f.s.DefaultListableBeanFactory     : Creating shared instance of singleton bean 'org.mybatis.spring.mapper.MapperScannerConfigurer'
2023-03-07T09:09:25.656+09:00 DEBUG 5252 --- [restartedMain] o.s.b.f.s.DefaultListableBeanFactory     : Creating shared instance of singleton bean 'propertySourcesPlaceholderConfigurer'
2023-03-07T09:09:25.661+09:00 DEBUG 5252 --- [restartedMain] org.apache.ibatis.logging.LogFactory     : Logging initialized using 'class org.apache.ibatis.logging.slf4j.Slf4jImpl' adapter.
2023-03-07T09:09:25.664+09:00 DEBUG 5252 --- [restartedMain] o.m.s.mapper.ClassPathMapperScanner      : Identified candidate component class: file [C:\Users\java1\Desktop\Beauty\beauty\bin\main\kr\co\beauty\dao\Order2DAO.class]
2023-03-07T09:09:25.664+09:00 DEBUG 5252 --- [restartedMain] o.m.s.mapper.ClassPathMapperScanner      : Creating MapperFactoryBean with name 'order2DAO' and 'kr.co.beauty.dao.Order2DAO' mapperInterface
2023-03-07T09:09:25.681+09:00 ERROR 5252 --- [restartedMain] o.s.boot.SpringApplication               : Application run failed

java.lang.Error: Unresolved compilation problems: 
	Syntax error on tokens, delete these tokens
	Syntax error on tokens, delete these tokens
	Syntax error on tokens, delete these tokens
	Syntax error, insert ";" to complete MethodDeclaration
	Syntax error, insert "}" to complete InterfaceBody

	at kr.co.beauty.dao.Order2DAO.<clinit>(Order2DAO.java:10) ~[main/:na]
	at java.base/java.lang.Class.forName0(Native Method) ~[na:na]
	at java.base/java.lang.Class.forName(Class.java:467) ~[na:na]
	at org.apache.ibatis.io.ClassLoaderWrapper.classForName(ClassLoaderWrapper.java:186) ~[mybatis-3.5.11.jar:3.5.11]
	at org.apache.ibatis.io.ClassLoaderWrapper.classForName(ClassLoaderWrapper.java:89) ~[mybatis-3.5.11.jar:3.5.11]
	at org.apache.ibatis.io.Resources.classForName(Resources.java:261) ~[mybatis-3.5.11.jar:3.5.11]
	at org.mybatis.spring.mapper.ClassPathMapperScanner.processBeanDefinitions(ClassPathMapperScanner.java:243) ~[mybatis-spring-3.0.0.jar:3.0.0]
	at org.mybatis.spring.mapper.ClassPathMapperScanner.doScan(ClassPathMapperScanner.java:215) ~[mybatis-spring-3.0.0.jar:3.0.0]
	at org.springframework.context.annotation.ClassPathBeanDefinitionScanner.scan(ClassPathBeanDefinitionScanner.java:254) ~[spring-context-6.0.5.jar:6.0.5]
	at org.mybatis.spring.mapper.MapperScannerConfigurer.postProcessBeanDefinitionRegistry(MapperScannerConfigurer.java:381) ~[mybatis-spring-3.0.0.jar:3.0.0]
	at org.springframework.context.support.PostProcessorRegistrationDelegate.invokeBeanDefinitionRegistryPostProcessors(PostProcessorRegistrationDelegate.java:344) ~[spring-context-6.0.5.jar:6.0.5]
	at org.springframework.context.support.PostProcessorRegistrationDelegate.invokeBeanFactoryPostProcessors(PostProcessorRegistrationDelegate.java:145) ~[spring-context-6.0.5.jar:6.0.5]
	at org.springframework.context.support.AbstractApplicationContext.invokeBeanFactoryPostProcessors(AbstractApplicationContext.java:747) ~[spring-context-6.0.5.jar:6.0.5]
	at org.springframework.context.support.AbstractApplicationContext.refresh(AbstractApplicationContext.java:565) ~[spring-context-6.0.5.jar:6.0.5]
	at org.springframework.boot.web.servlet.context.ServletWebServerApplicationContext.refresh(ServletWebServerApplicationContext.java:146) ~[spring-boot-3.0.3.jar:3.0.3]
	at org.springframework.boot.SpringApplication.refresh(SpringApplication.java:732) ~[spring-boot-3.0.3.jar:3.0.3]
	at org.springframework.boot.SpringApplication.refreshContext(SpringApplication.java:434) ~[spring-boot-3.0.3.jar:3.0.3]
	at org.springframework.boot.SpringApplication.run(SpringApplication.java:310) ~[spring-boot-3.0.3.jar:3.0.3]
	at org.springframework.boot.SpringApplication.run(SpringApplication.java:1304) ~[spring-boot-3.0.3.jar:3.0.3]
	at org.springframework.boot.SpringApplication.run(SpringApplication.java:1293) ~[spring-boot-3.0.3.jar:3.0.3]
	at kr.co.beauty.BeautyApplication.main(BeautyApplication.java:10) ~[main/:na]
	at java.base/jdk.internal.reflect.NativeMethodAccessorImpl.invoke0(Native Method) ~[na:na]
	at java.base/jdk.internal.reflect.NativeMethodAccessorImpl.invoke(NativeMethodAccessorImpl.java:77) ~[na:na]
	at java.base/jdk.internal.reflect.DelegatingMethodAccessorImpl.invoke(DelegatingMethodAccessorImpl.java:43) ~[na:na]
	at java.base/java.lang.reflect.Method.invoke(Method.java:568) ~[na:na]
	at org.springframework.boot.devtools.restart.RestartLauncher.run(RestartLauncher.java:49) ~[spring-boot-devtools-3.0.3.jar:3.0.3]

2023-03-07T09:09:25.682+09:00 DEBUG 5252 --- [restartedMain] ConfigServletWebServerApplicationContext : Closing org.springframework.boot.web.servlet.context.AnnotationConfigServletWebServerApplicationContext@5b2f683c, started on Tue Mar 07 09:09:25 KST 2023
2023-03-07T09:17:34.686+09:00  INFO 9984 --- [restartedMain] kr.co.beauty.BeautyApplication           : Starting BeautyApplication using Java 17.0.5 with PID 9984 (C:\Users\java1\Desktop\Beauty\beauty\bin\main started by java1 in C:\Users\java1\Desktop\Beauty\beauty)
2023-03-07T09:17:34.688+09:00 DEBUG 9984 --- [restartedMain] kr.co.beauty.BeautyApplication           : Running with Spring Boot v3.0.3, Spring v6.0.5
2023-03-07T09:17:34.688+09:00  INFO 9984 --- [restartedMain] kr.co.beauty.BeautyApplication           : No active profile set, falling back to 1 default profile: "default"
2023-03-07T09:17:34.689+09:00 DEBUG 9984 --- [restartedMain] o.s.boot.SpringApplication               : Loading source class kr.co.beauty.BeautyApplication
2023-03-07T09:17:34.846+09:00 DEBUG 9984 --- [restartedMain] o.s.b.devtools.restart.ChangeableUrls    : Matching URLs for reloading : [file:/C:/Users/java1/Desktop/Beauty/beauty/bin/main/]
2023-03-07T09:17:34.846+09:00 DEBUG 9984 --- [restartedMain] o.s.b.d.settings.DevToolsSettings        : Included patterns for restart : []
2023-03-07T09:17:34.846+09:00 DEBUG 9984 --- [restartedMain] o.s.b.d.settings.DevToolsSettings        : Excluded patterns for restart : [/spring-boot-starter-[\w-]+/, /spring-boot/(bin|build|out)/, /spring-boot-starter/(bin|build|out)/, /spring-boot-devtools/(bin|build|out)/, /spring-boot-actuator/(bin|build|out)/, /spring-boot-autoconfigure/(bin|build|out)/]
2023-03-07T09:17:34.846+09:00  INFO 9984 --- [restartedMain] .e.DevToolsPropertyDefaultsPostProcessor : Devtools property defaults active! Set 'spring.devtools.add-properties' to 'false' to disable
2023-03-07T09:17:34.847+09:00  INFO 9984 --- [restartedMain] .e.DevToolsPropertyDefaultsPostProcessor : For additional web related logging consider setting the 'logging.level.web' property to 'DEBUG'
2023-03-07T09:17:34.847+09:00 DEBUG 9984 --- [restartedMain] ConfigServletWebServerApplicationContext : Refreshing org.springframework.boot.web.servlet.context.AnnotationConfigServletWebServerApplicationContext@5b2f683c
2023-03-07T09:17:34.858+09:00 DEBUG 9984 --- [restartedMain] o.s.b.f.s.DefaultListableBeanFactory     : Creating shared instance of singleton bean 'org.springframework.context.annotation.internalConfigurationAnnotationProcessor'
2023-03-07T09:17:34.866+09:00 DEBUG 9984 --- [restartedMain] o.s.b.f.s.DefaultListableBeanFactory     : Creating shared instance of singleton bean 'org.springframework.boot.autoconfigure.internalCachingMetadataReaderFactory'
2023-03-07T09:17:34.895+09:00 DEBUG 9984 --- [restartedMain] o.s.c.a.ClassPathBeanDefinitionScanner   : Identified candidate component class: file [C:\Users\java1\Desktop\Beauty\beauty\bin\main\kr\co\beauty\config\WebConfig.class]
2023-03-07T09:17:34.900+09:00 DEBUG 9984 --- [restartedMain] o.s.c.a.ClassPathBeanDefinitionScanner   : Identified candidate component class: file [C:\Users\java1\Desktop\Beauty\beauty\bin\main\kr\co\beauty\controller\AdminController.class]
2023-03-07T09:17:34.901+09:00 DEBUG 9984 --- [restartedMain] o.s.c.a.ClassPathBeanDefinitionScanner   : Identified candidate component class: file [C:\Users\java1\Desktop\Beauty\beauty\bin\main\kr\co\beauty\controller\CsController.class]
2023-03-07T09:17:34.901+09:00 DEBUG 9984 --- [restartedMain] o.s.c.a.ClassPathBeanDefinitionScanner   : Identified candidate component class: file [C:\Users\java1\Desktop\Beauty\beauty\bin\main\kr\co\beauty\controller\MainController.class]
2023-03-07T09:17:34.901+09:00 DEBUG 9984 --- [restartedMain] o.s.c.a.ClassPathBeanDefinitionScanner   : Identified candidate component class: file [C:\Users\java1\Desktop\Beauty\beauty\bin\main\kr\co\beauty\controller\Order2Controller.class]
2023-03-07T09:17:34.902+09:00 DEBUG 9984 --- [restartedMain] o.s.c.a.ClassPathBeanDefinitionScanner   : Ignored because not a concrete top-level class: file [C:\Users\java1\Desktop\Beauty\beauty\bin\main\kr\co\beauty\dao\Order2DAO.class]
2023-03-07T09:17:34.903+09:00 DEBUG 9984 --- [restartedMain] o.s.c.a.ClassPathBeanDefinitionScanner   : Ignored because not a concrete top-level class: file [C:\Users\java1\Desktop\Beauty\beauty\bin\main\kr\co\beauty\dao\ProductDAO.class]
2023-03-07T09:17:34.903+09:00 DEBUG 9984 --- [restartedMain] o.s.c.a.ClassPathBeanDefinitionScanner   : Identified candidate component class: file [C:\Users\java1\Desktop\Beauty\beauty\bin\main\kr\co\beauty\service\Order2Service.class]
2023-03-07T09:17:34.904+09:00 DEBUG 9984 --- [restartedMain] o.s.c.a.ClassPathBeanDefinitionScanner   : Identified candidate component class: file [C:\Users\java1\Desktop\Beauty\beauty\bin\main\kr\co\beauty\service\ProductService.class]
2023-03-07T09:17:34.987+09:00 DEBUG 9984 --- [RMI TCP Connection(2)-127.0.0.1] sun.rmi.transport.tcp                    : RMI TCP Connection(2)-127.0.0.1: (port 60481) op = 82
2023-03-07T09:17:34.987+09:00 DEBUG 9984 --- [RMI TCP Connection(2)-127.0.0.1] sun.rmi.transport.tcp                    : RMI TCP Connection(2)-127.0.0.1: (port 60481) op = 80
2023-03-07T09:17:34.988+09:00 DEBUG 9984 --- [RMI TCP Connection(2)-127.0.0.1] sun.rmi.loader                           : RMI TCP Connection(2)-127.0.0.1: name = "javax.management.ObjectName", codebase = ""
2023-03-07T09:17:34.988+09:00 DEBUG 9984 --- [RMI TCP Connection(2)-127.0.0.1] javax.management.remote.rmi              : connectionId=rmi://127.0.0.1  1, name=org.springframework.boot:type=Admin,name=SpringApplication, attribute=Ready
2023-03-07T09:17:34.988+09:00 DEBUG 9984 --- [RMI TCP Connection(2)-127.0.0.1] sun.rmi.server.call                      : RMI TCP Connection(2)-127.0.0.1: [127.0.0.1] exception: 

javax.management.InstanceNotFoundException: org.springframework.boot:type=Admin,name=SpringApplication
	at java.management/com.sun.jmx.interceptor.DefaultMBeanServerInterceptor.getMBean(DefaultMBeanServerInterceptor.java:1088) ~[na:na]
	at java.management/com.sun.jmx.interceptor.DefaultMBeanServerInterceptor.getAttribute(DefaultMBeanServerInterceptor.java:640) ~[na:na]
	at java.management/com.sun.jmx.mbeanserver.JmxMBeanServer.getAttribute(JmxMBeanServer.java:679) ~[na:na]
	at java.management.rmi/javax.management.remote.rmi.RMIConnectionImpl.doOperation(RMIConnectionImpl.java:1449) ~[na:na]
	at java.management.rmi/javax.management.remote.rmi.RMIConnectionImpl$PrivilegedOperation.run(RMIConnectionImpl.java:1310) ~[na:na]
	at java.management.rmi/javax.management.remote.rmi.RMIConnectionImpl.doPrivilegedOperation(RMIConnectionImpl.java:1405) ~[na:na]
	at java.management.rmi/javax.management.remote.rmi.RMIConnectionImpl.getAttribute(RMIConnectionImpl.java:639) ~[na:na]
	at java.base/jdk.internal.reflect.NativeMethodAccessorImpl.invoke0(Native Method) ~[na:na]
	at java.base/jdk.internal.reflect.NativeMethodAccessorImpl.invoke(NativeMethodAccessorImpl.java:77) ~[na:na]
	at java.base/jdk.internal.reflect.DelegatingMethodAccessorImpl.invoke(DelegatingMethodAccessorImpl.java:43) ~[na:na]
	at java.base/java.lang.reflect.Method.invoke(Method.java:568) ~[na:na]
	at java.rmi/sun.rmi.server.UnicastServerRef.dispatch(UnicastServerRef.java:360) ~[na:na]
	at java.rmi/sun.rmi.transport.Transport$1.run(Transport.java:200) ~[na:na]
	at java.rmi/sun.rmi.transport.Transport$1.run(Transport.java:197) ~[na:na]
	at java.base/java.security.AccessController.doPrivileged(AccessController.java:712) ~[na:na]
	at java.rmi/sun.rmi.transport.Transport.serviceCall(Transport.java:196) ~[na:na]
	at java.rmi/sun.rmi.transport.tcp.TCPTransport.handleMessages(TCPTransport.java:587) ~[na:na]
	at java.rmi/sun.rmi.transport.tcp.TCPTransport$ConnectionHandler.run0(TCPTransport.java:828) ~[na:na]
	at java.rmi/sun.rmi.transport.tcp.TCPTransport$ConnectionHandler.lambda$run$0(TCPTransport.java:705) ~[na:na]
	at java.base/java.security.AccessController.doPrivileged(AccessController.java:399) ~[na:na]
	at java.rmi/sun.rmi.transport.tcp.TCPTransport$ConnectionHandler.run(TCPTransport.java:704) ~[na:na]
	at java.base/java.util.concurrent.ThreadPoolExecutor.runWorker(ThreadPoolExecutor.java:1136) ~[na:na]
	at java.base/java.util.concurrent.ThreadPoolExecutor$Worker.run(ThreadPoolExecutor.java:635) ~[na:na]
	at java.base/java.lang.Thread.run(Thread.java:833) ~[na:na]

2023-03-07T09:17:35.190+09:00 DEBUG 9984 --- [restartedMain] o.s.b.f.s.DefaultListableBeanFactory     : Creating shared instance of singleton bean 'org.springframework.boot.autoconfigure.AutoConfigurationPackages'
2023-03-07T09:17:35.194+09:00 DEBUG 9984 --- [restartedMain] o.s.b.a.AutoConfigurationPackages        : @EnableAutoConfiguration was declared on a class in the package 'kr.co.beauty'. Automatic @Repository and @Entity scanning is enabled.
2023-03-07T09:17:35.195+09:00 DEBUG 9984 --- [restartedMain] o.m.s.b.a.MybatisAutoConfiguration       : Searching for mappers annotated with @Mapper
2023-03-07T09:17:35.195+09:00 DEBUG 9984 --- [restartedMain] o.m.s.b.a.MybatisAutoConfiguration       : Using auto-configuration base package 'kr.co.beauty'
2023-03-07T09:17:35.232+09:00  INFO 9984 --- [restartedMain] .s.d.r.c.RepositoryConfigurationDelegate : Bootstrapping Spring Data JPA repositories in DEFAULT mode.
2023-03-07T09:17:35.236+09:00 DEBUG 9984 --- [restartedMain] .s.d.r.c.RepositoryConfigurationDelegate : Scanning for JPA repositories in packages kr.co.beauty.
2023-03-07T09:17:35.241+09:00  INFO 9984 --- [restartedMain] .s.d.r.c.RepositoryConfigurationDelegate : Finished Spring Data repository scanning in 4 ms. Found 0 JPA repository interfaces.
2023-03-07T09:17:35.312+09:00 DEBUG 9984 --- [restartedMain] o.s.b.f.s.DefaultListableBeanFactory     : Creating shared instance of singleton bean 'org.mybatis.spring.mapper.MapperScannerConfigurer'
2023-03-07T09:17:35.314+09:00 DEBUG 9984 --- [restartedMain] o.s.b.f.s.DefaultListableBeanFactory     : Creating shared instance of singleton bean 'propertySourcesPlaceholderConfigurer'
2023-03-07T09:17:35.319+09:00 DEBUG 9984 --- [restartedMain] org.apache.ibatis.logging.LogFactory     : Logging initialized using 'class org.apache.ibatis.logging.slf4j.Slf4jImpl' adapter.
2023-03-07T09:17:35.321+09:00 DEBUG 9984 --- [restartedMain] o.m.s.mapper.ClassPathMapperScanner      : Identified candidate component class: file [C:\Users\java1\Desktop\Beauty\beauty\bin\main\kr\co\beauty\dao\Order2DAO.class]
2023-03-07T09:17:35.321+09:00 DEBUG 9984 --- [restartedMain] o.m.s.mapper.ClassPathMapperScanner      : Creating MapperFactoryBean with name 'order2DAO' and 'kr.co.beauty.dao.Order2DAO' mapperInterface
2023-03-07T09:17:35.336+09:00 ERROR 9984 --- [restartedMain] o.s.boot.SpringApplication               : Application run failed

java.lang.Error: Unresolved compilation problems: 
	Syntax error on tokens, delete these tokens
	Syntax error on tokens, delete these tokens
	Syntax error on tokens, delete these tokens
	Syntax error, insert ";" to complete MethodDeclaration
	Syntax error, insert "}" to complete InterfaceBody

	at kr.co.beauty.dao.Order2DAO.<clinit>(Order2DAO.java:10) ~[main/:na]
	at java.base/java.lang.Class.forName0(Native Method) ~[na:na]
	at java.base/java.lang.Class.forName(Class.java:467) ~[na:na]
	at org.apache.ibatis.io.ClassLoaderWrapper.classForName(ClassLoaderWrapper.java:186) ~[mybatis-3.5.11.jar:3.5.11]
	at org.apache.ibatis.io.ClassLoaderWrapper.classForName(ClassLoaderWrapper.java:89) ~[mybatis-3.5.11.jar:3.5.11]
	at org.apache.ibatis.io.Resources.classForName(Resources.java:261) ~[mybatis-3.5.11.jar:3.5.11]
	at org.mybatis.spring.mapper.ClassPathMapperScanner.processBeanDefinitions(ClassPathMapperScanner.java:243) ~[mybatis-spring-3.0.0.jar:3.0.0]
	at org.mybatis.spring.mapper.ClassPathMapperScanner.doScan(ClassPathMapperScanner.java:215) ~[mybatis-spring-3.0.0.jar:3.0.0]
	at org.springframework.context.annotation.ClassPathBeanDefinitionScanner.scan(ClassPathBeanDefinitionScanner.java:254) ~[spring-context-6.0.5.jar:6.0.5]
	at org.mybatis.spring.mapper.MapperScannerConfigurer.postProcessBeanDefinitionRegistry(MapperScannerConfigurer.java:381) ~[mybatis-spring-3.0.0.jar:3.0.0]
	at org.springframework.context.support.PostProcessorRegistrationDelegate.invokeBeanDefinitionRegistryPostProcessors(PostProcessorRegistrationDelegate.java:344) ~[spring-context-6.0.5.jar:6.0.5]
	at org.springframework.context.support.PostProcessorRegistrationDelegate.invokeBeanFactoryPostProcessors(PostProcessorRegistrationDelegate.java:145) ~[spring-context-6.0.5.jar:6.0.5]
	at org.springframework.context.support.AbstractApplicationContext.invokeBeanFactoryPostProcessors(AbstractApplicationContext.java:747) ~[spring-context-6.0.5.jar:6.0.5]
	at org.springframework.context.support.AbstractApplicationContext.refresh(AbstractApplicationContext.java:565) ~[spring-context-6.0.5.jar:6.0.5]
	at org.springframework.boot.web.servlet.context.ServletWebServerApplicationContext.refresh(ServletWebServerApplicationContext.java:146) ~[spring-boot-3.0.3.jar:3.0.3]
	at org.springframework.boot.SpringApplication.refresh(SpringApplication.java:732) ~[spring-boot-3.0.3.jar:3.0.3]
	at org.springframework.boot.SpringApplication.refreshContext(SpringApplication.java:434) ~[spring-boot-3.0.3.jar:3.0.3]
	at org.springframework.boot.SpringApplication.run(SpringApplication.java:310) ~[spring-boot-3.0.3.jar:3.0.3]
	at org.springframework.boot.SpringApplication.run(SpringApplication.java:1304) ~[spring-boot-3.0.3.jar:3.0.3]
	at org.springframework.boot.SpringApplication.run(SpringApplication.java:1293) ~[spring-boot-3.0.3.jar:3.0.3]
	at kr.co.beauty.BeautyApplication.main(BeautyApplication.java:10) ~[main/:na]
	at java.base/jdk.internal.reflect.NativeMethodAccessorImpl.invoke0(Native Method) ~[na:na]
	at java.base/jdk.internal.reflect.NativeMethodAccessorImpl.invoke(NativeMethodAccessorImpl.java:77) ~[na:na]
	at java.base/jdk.internal.reflect.DelegatingMethodAccessorImpl.invoke(DelegatingMethodAccessorImpl.java:43) ~[na:na]
	at java.base/java.lang.reflect.Method.invoke(Method.java:568) ~[na:na]
	at org.springframework.boot.devtools.restart.RestartLauncher.run(RestartLauncher.java:49) ~[spring-boot-devtools-3.0.3.jar:3.0.3]

2023-03-07T09:17:35.338+09:00 DEBUG 9984 --- [restartedMain] ConfigServletWebServerApplicationContext : Closing org.springframework.boot.web.servlet.context.AnnotationConfigServletWebServerApplicationContext@5b2f683c, started on Tue Mar 07 09:17:34 KST 2023
